<?xml version="1.0" encoding="UTF-8"?>
<testsuite xmlns:xsi="http://www.w3.org/2001/XMLSchema-instance" xsi:noNamespaceSchemaLocation="https://maven.apache.org/surefire/maven-surefire-plugin/xsd/surefire-test-report.xsd" name="org.flowable.examples.spring.boot.FlowableSpringBootExampleApplicationTests" time="8.436" tests="1" errors="0" skipped="0" failures="0">
  <properties>
[...]
</properties>
  <testcase name="contextLoads" classname="org.flowable.examples.spring.boot.FlowableSpringBootExampleApplicationTests" time="0.095"/>
</testsuite>